[debug] [2020-10-12T21:44:51.517Z] ----------------------------------------------------------------------
[debug] [2020-10-12T21:44:51.520Z] Command:       /usr/local/bin/node /usr/local/bin/firebase init hosting
[debug] [2020-10-12T21:44:51.521Z] CLI Version:   8.12.1
[debug] [2020-10-12T21:44:51.521Z] Platform:      darwin
[debug] [2020-10-12T21:44:51.521Z] Node Version:  v12.18.0
[debug] [2020-10-12T21:44:51.534Z] Time:          Mon Oct 12 2020 17:44:51 GMT-0400 (Eastern Daylight Time)
[debug] [2020-10-12T21:44:51.535Z] ----------------------------------------------------------------------
[debug] [2020-10-12T21:44:51.535Z] 
[debug] [2020-10-12T21:44:51.545Z] > command requires scopes: ["email","openid","https://www.googleapis.com/auth/cloudplatformprojects.readonly","https://www.googleapis.com/auth/firebase","https://www.googleapis.com/auth/cloud-platform"]
[debug] [2020-10-12T21:44:51.546Z] > authorizing via signed-in user
[info] 
     ######## #### ########  ######## ########     ###     ######  ########
     ##        ##  ##     ## ##       ##     ##  ##   ##  ##       ##
     ######    ##  ########  ######   ########  #########  ######  ######
     ##        ##  ##    ##  ##       ##     ## ##     ##       ## ##
     ##       #### ##     ## ######## ########  ##     ##  ######  ########

You're about to initialize a Firebase project in this directory:

  /Users/winstonchiang/ByteDanceRevolution

Before we get started, keep in mind:

  * You are initializing in an existing Firebase project directory

[info] 
=== Project Setup
[info] 
[info] First, let's associate this project directory with a Firebase project.
[info] You can create multiple project aliases by running firebase use --add, 
[info] but for now we'll just set up a default project.
[info] 
[info] i  .firebaserc already has a default project, using bytedancerev. 
[debug] [2020-10-12T21:44:51.560Z] >>> HTTP REQUEST GET https://firebase.googleapis.com/v1beta1/projects/bytedancerev  
 
[debug] [2020-10-12T21:44:51.846Z] <<< HTTP RESPONSE 200 {"content-type":"application/json; charset=UTF-8","vary":"X-Origin, Referer, Origin,Accept-Encoding","date":"Mon, 12 Oct 2020 21:44:51 GMT","server":"ESF","cache-control":"private","x-xss-protection":"0","x-frame-options":"SAMEORIGIN","x-content-type-options":"nosniff","alt-svc":"h3-Q050=\":443\"; ma=2592000,h3-29=\":443\"; ma=2592000,h3-27=\":443\"; ma=2592000,h3-T051=\":443\"; ma=2592000,h3-T050=\":443\"; ma=2592000,h3-Q046=\":443\"; ma=2592000,h3-Q043=\":443\"; ma=2592000,quic=\":443\"; ma=2592000; v=\"46,43\"","accept-ranges":"none","transfer-encoding":"chunked"}
[info] 
=== Hosting Setup
[info] 
[info] Your public directory is the folder (relative to your project directory) that
[info] will contain Hosting assets to be uploaded with firebase deploy. If you
[info] have a build process for your assets, use your build's output directory.
[info] 
[debug] [2020-10-12T21:45:29.772Z] >>> HTTP REQUEST GET https://www.gstatic.com/firebasejs/releases.json  
 
[debug] [2020-10-12T21:45:29.869Z] <<< HTTP RESPONSE 200 {"accept-ranges":"bytes","vary":"Accept-Encoding, Origin","content-type":"application/json","content-length":"1429","date":"Mon, 12 Oct 2020 21:45:29 GMT","expires":"Mon, 12 Oct 2020 22:35:29 GMT","last-modified":"Thu, 08 Oct 2020 20:48:24 GMT","x-content-type-options":"nosniff","server":"sffe","x-xss-protection":"0","cache-control":"public, max-age=3000","age":"0","alt-svc":"h3-Q050=\":443\"; ma=2592000,h3-29=\":443\"; ma=2592000,h3-27=\":443\"; ma=2592000,h3-T051=\":443\"; ma=2592000,h3-T050=\":443\"; ma=2592000,h3-Q046=\":443\"; ma=2592000,h3-Q043=\":443\"; ma=2592000,quic=\":443\"; ma=2592000; v=\"46,43\""}
